2015-10-08 17:30:51 [-][-][-][error][yii\base\InvalidConfigException] exception 'yii\base\InvalidConfigException' with message 'You should configure "authManager" component to use database before executing this migration.' in C:\xamppss\htdocs\km4\vendor\yiisoft\yii2\rbac\migrations\m140506_102106_rbac_init.php:28
Stack trace:
#0 C:\xamppss\htdocs\km4\vendor\yiisoft\yii2\rbac\migrations\m140506_102106_rbac_init.php(35): m140506_102106_rbac_init->getAuthManager()
#1 C:\xamppss\htdocs\km4\vendor\yiisoft\yii2\console\controllers\BaseMigrateController.php(492): m140506_102106_rbac_init->up()
#2 C:\xamppss\htdocs\km4\vendor\yiisoft\yii2\console\controllers\BaseMigrateController.php(129): yii\console\controllers\BaseMigrateController->migrateUp('m140506_102106_...')
#3 [internal function]: yii\console\controllers\BaseMigrateController->actionUp(0)
#4 C:\xamppss\htdocs\km4\vendor\yiisoft\yii2\base\InlineAction.php(55): call_user_func_array(Array, Array)
#5 C:\xamppss\htdocs\km4\vendor\yiisoft\yii2\base\Controller.php(151): yii\base\InlineAction->runWithParams(Array)
#6 C:\xamppss\htdocs\km4\vendor\yiisoft\yii2\console\Controller.php(91): yii\base\Controller->runAction('', Array)
#7 C:\xamppss\htdocs\km4\vendor\yiisoft\yii2\base\Module.php(455): yii\console\Controller->runAction('', Array)
#8 C:\xamppss\htdocs\km4\vendor\yiisoft\yii2\console\Application.php(167): yii\base\Module->runAction('migrate', Array)
#9 C:\xamppss\htdocs\km4\vendor\yiisoft\yii2\console\Application.php(143): yii\console\Application->runAction('migrate', Array)
#10 C:\xamppss\htdocs\km4\vendor\yiisoft\yii2\base\Application.php(375): yii\console\Application->handleRequest(Object(yii\console\Request))
#11 C:\xamppss\htdocs\km4\yii(27): yii\base\Application->run()
#12 {main}
2015-10-08 17:30:46 [-][-][-][info][application] $_SERVER = [
    'ALLUSERSPROFILE' => 'C:\\ProgramData'
    'APPDATA' => 'C:\\Users\\Panya\\AppData\\Roaming'
    'asl_log' => 'Destination=file'
    'CommonProgramFiles' => 'C:\\Program Files (x86)\\Common Files'
    'CommonProgramFiles(x86)' => 'C:\\Program Files (x86)\\Common Files'
    'CommonProgramW6432' => 'C:\\Program Files\\Common Files'
    'COMPUTERNAME' => 'COM'
    'ComSpec' => 'C:\\Windows\\system32\\cmd.exe'
    'FP_NO_HOST_CHECK' => 'NO'
    'HOMEDRIVE' => 'C:'
    'HOMEPATH' => '\\Users\\Panya'
    'LOCALAPPDATA' => 'C:\\Users\\Panya\\AppData\\Local'
    'LOGONSERVER' => '\\\\COM'
    'NUMBER_OF_PROCESSORS' => '4'
    'OS' => 'Windows_NT'
    'Path' => 'C:\\Windows\\system32;C:\\Windows;C:\\Windows\\System32\\Wbem;C:\\Windows\\System32\\WindowsPowerShell\\v1.0\\;c:\\Program Files (x86)\\Microsoft SQL Server\\110\\Tools\\Binn\\;c:\\Program Files (x86)\\Microsoft SQL Server\\110\\DTS\\Binn\\;c:\\Program Files (x86)\\Microsoft SQL Server\\110\\Tools\\Binn\\ManagementStudio\\;c:\\Program Files (x86)\\Microsoft Visual Studio 10.0\\Common7\\IDE\\PrivateAssemblies\\;C:\\xamppss\\php;C:\\Program Files (x86)\\NVIDIA Corporation\\PhysX\\Common;C:\\xamppss\\php;C:\\Program Files\\nodejs\\;C:\\Program Files (x86)\\QuickTime\\QTSystem\\;C:\\ProgramData\\ComposerSetup\\bin;C:\\Users\\Panya\\AppData\\Roaming\\npm'
    'PATHEXT' => '.COM;.EXE;.BAT;.CMD;.VBS;.VBE;.JS;.JSE;.WSF;.WSH;.MSC'
    'PHP_COMMAND' => 'php.exe'
    'PROCESSOR_ARCHITECTURE' => 'x86'
    'PROCESSOR_ARCHITEW6432' => 'AMD64'
    'PROCESSOR_IDENTIFIER' => 'Intel64 Family 6 Model 42 Stepping 7, GenuineIntel'
    'PROCESSOR_LEVEL' => '6'
    'PROCESSOR_REVISION' => '2a07'
    'ProgramData' => 'C:\\ProgramData'
    'ProgramFiles' => 'C:\\Program Files (x86)'
    'ProgramFiles(x86)' => 'C:\\Program Files (x86)'
    'ProgramW6432' => 'C:\\Program Files'
    'PROMPT' => '$P$G'
    'PSModulePath' => 'C:\\Windows\\system32\\WindowsPowerShell\\v1.0\\Modules\\;c:\\Program Files (x86)\\Microsoft SQL Server\\110\\Tools\\PowerShell\\Modules\\'
    'PUBLIC' => 'C:\\Users\\Public'
    'SESSIONNAME' => 'Console'
    'SystemDrive' => 'C:'
    'SystemRoot' => 'C:\\Windows'
    'TEMP' => 'C:\\Users\\Panya\\AppData\\Local\\Temp'
    'TMP' => 'C:\\Users\\Panya\\AppData\\Local\\Temp'
    'USERDOMAIN' => 'Com'
    'USERDOMAIN_ROAMINGPROFILE' => 'Com'
    'USERNAME' => 'Panya'
    'USERPROFILE' => 'C:\\Users\\Panya'
    'VS100COMNTOOLS' => 'C:\\Program Files (x86)\\Microsoft Visual Studio 10.0\\Common7\\Tools\\'
    'windir' => 'C:\\Windows'
    'YII_PATH' => 'C:\\xamppss\\htdocs\\km4\\'
    'PHP_SELF' => 'C:\\xamppss\\htdocs\\km4\\yii'
    'SCRIPT_NAME' => 'C:\\xamppss\\htdocs\\km4\\yii'
    'SCRIPT_FILENAME' => 'C:\\xamppss\\htdocs\\km4\\yii'
    'PATH_TRANSLATED' => 'C:\\xamppss\\htdocs\\km4\\yii'
    'DOCUMENT_ROOT' => ''
    'REQUEST_TIME_FLOAT' => 1444318245.9487
    'REQUEST_TIME' => 1444318245
    'argv' => [
        0 => 'C:\\xamppss\\htdocs\\km4\\yii'
        1 => 'migrate'
        2 => '--migrationPath=@yii/rbac/migrations'
    ]
    'argc' => 3
]
